TN:
SF:scripts/analyzeArray.js
FN:1,analyzeArray
FN:2,getAverage
FN:4,(anonymous_2)
FNF:3
FNH:3
FNDA:4,analyzeArray
FNDA:4,getAverage
FNDA:24,(anonymous_2)
DA:3,4
DA:4,4
DA:5,24
DA:7,4
DA:10,4
LF:5
LH:5
BRF:0
BRH:0
end_of_record
TN:
SF:scripts/caesarCipher.js
FN:1,caesarCipher
FN:7,(anonymous_1)
FNF:2
FNH:2
FNDA:4,caesarCipher
FNDA:26,(anonymous_1)
DA:2,4
DA:4,4
DA:5,4
DA:7,4
DA:8,26
DA:9,18
DA:10,18
DA:11,8
DA:12,5
DA:13,5
DA:15,3
DA:19,4
LF:12
LH:12
BRDA:8,0,0,18
BRDA:8,0,1,8
BRDA:11,1,0,5
BRDA:11,1,1,3
BRF:4
BRH:4
end_of_record
TN:
SF:scripts/calculator.js
FN:2,(anonymous_0)
FN:6,(anonymous_1)
FN:10,(anonymous_2)
FN:14,(anonymous_3)
FNF:4
FNH:4
FNDA:2,(anonymous_0)
FNDA:3,(anonymous_1)
FNDA:4,(anonymous_2)
FNDA:4,(anonymous_3)
DA:1,1
DA:3,2
DA:7,3
DA:11,4
DA:15,4
LF:5
LH:5
BRF:0
BRH:0
end_of_record
TN:
SF:scripts/capitalize.js
FN:1,capitalize
FNF:1
FNH:1
FNDA:1,capitalize
DA:2,1
DA:4,1
LF:2
LH:2
BRF:0
BRH:0
end_of_record
TN:
SF:scripts/reverseString.js
FN:1,reverseString
FNF:1
FNH:1
FNDA:1,reverseString
DA:2,1
DA:4,1
LF:2
LH:2
BRF:0
BRH:0
end_of_record
